<?xml version="1.0" encoding="UTF-8"?>
<testsuite xmlns:xsi="http://www.w3.org/2001/XMLSchema-instance" xsi:noNamespaceSchemaLocation="https://maven.apache.org/surefire/maven-surefire-plugin/xsd/surefire-test-report-3.0.xsd" version="3.0" name="com.farmxchain.backend.BackendApplicationTests" time="12.341" tests="1" errors="0" skipped="0" failures="0">
  <properties>
[...]
</properties>
  <testcase name="contextLoads" classname="com.farmxchain.backend.BackendApplicationTests" time="0.78">
    <system-out><![CDATA[13:10:42.133 [main] INFO org.springframework.test.context.support.AnnotationConfigContextLoaderUtils -- Could not detect default configuration classes for test class [com.farmxchain.backend.BackendApplicationTests]: BackendApplicationTests does not declare any static, non-private, non-final, nested classes annotated with @Configuration.
13:10:42.336 [main] INFO org.springframework.boot.test.context.SpringBootTestContextBootstrapper -- Found @SpringBootConfiguration com.farmxchain.backend.BackendApplication for test class com.farmxchain.backend.BackendApplicationTests

  .   ____          _            __ _ _
 /\\ / ___'_ __ _ _(_)_ __  __ _ \ \ \ \
( ( )\___ | '_ | '_| | '_ \/ _` | \ \ \ \
 \\/  ___)| |_)| | | | | || (_| |  ) ) ) )
  '  |____| .__|_| |_|_| |_\__, | / / / /
 =========|_|==============|___/=/_/_/_/
 :: Spring Boot ::                (v3.2.5)

2026-02-15 13:10:43 - Starting BackendApplicationTests using Java 17.0.12 with PID 27352 (started by fatim in C:\Users\fatim\Desktop\farmxchain\backend)
2026-02-15 13:10:43 - Running with Spring Boot v3.2.5, Spring v6.1.6
2026-02-15 13:10:43 - No active profile set, falling back to 1 default profile: "default"
2026-02-15 13:10:44 - Bootstrapping Spring Data JPA repositories in DEFAULT mode.
2026-02-15 13:10:45 - Finished Spring Data repository scanning in 118 ms. Found 6 JPA repository interfaces.
2026-02-15 13:10:45 - HHH000204: Processing PersistenceUnitInfo [name: default]
2026-02-15 13:10:46 - HHH000412: Hibernate ORM core version 6.4.4.Final
2026-02-15 13:10:46 - HHH000026: Second-level cache disabled
2026-02-15 13:10:46 - No LoadTimeWeaver setup: ignoring JPA class transformer
2026-02-15 13:10:46 - HikariPool-1 - Starting...
2026-02-15 13:10:47 - HikariPool-1 - Added connection com.mysql.cj.jdbc.ConnectionImpl@2166c48a
2026-02-15 13:10:47 - HikariPool-1 - Start completed.
2026-02-15 13:10:49 - HHH000489: No JTA platform available (set 'hibernate.transaction.jta.platform' to enable JTA platform integration)
2026-02-15 13:10:50 - Initialized JPA EntityManagerFactory for persistence unit 'default'
2026-02-15 13:10:51 - Hibernate is in classpath; If applicable, HQL parser will be used.
Could not connect to blockchain node: Failed to connect to localhost/[0:0:0:0:0:0:0:1]:7545. Using simulation mode.
2026-02-15 13:10:52 - spring.jpa.open-in-view is enabled by default. Therefore, database queries may be performed during view rendering. Explicitly configure spring.jpa.open-in-view to disable this warning
2026-02-15 13:10:52 - 

Using generated security password: 1261f06e-89bd-4abd-b471-4f1ac6ee6110

This generated password is for development use only. Your security configuration must be updated before running your application in production.

2026-02-15 13:10:52 - Will secure any request with [org.springframework.security.web.session.DisableEncodeUrlFilter@1bb1c6dd, org.springframework.security.web.context.request.async.WebAsyncManagerIntegrationFilter@59929512, org.springframework.security.web.context.SecurityContextHolderFilter@ba65354, org.springframework.security.web.header.HeaderWriterFilter@72b8b04f, org.springframework.web.filter.CorsFilter@5920c4ed, org.springframework.security.web.authentication.logout.LogoutFilter@5858054c, com.farmxchain.backend.security.JwtAuthenticationFilter@247877f3, org.springframework.security.web.savedrequest.RequestCacheAwareFilter@5af850f1, org.springframework.security.web.servletapi.SecurityContextHolderAwareRequestFilter@3b6f7ab3, org.springframework.security.web.authentication.AnonymousAuthenticationFilter@5a1c0bcc, org.springframework.security.web.session.SessionManagementFilter@7be29ac4, org.springframework.security.web.access.ExceptionTranslationFilter@25297d52, org.springframework.security.web.access.intercept.AuthorizationFilter@9e96118]
2026-02-15 13:10:53 - Started BackendApplicationTests in 10.781 seconds (process running for 12.353)
]]></system-out>
  </testcase>
</testsuite>